0 info it worked if it ends with ok
1 verbose cli [ '/usr/local/bin/node', '/usr/local/bin/npm', 'start' ]
2 info using npm@3.8.9
3 info using node@v6.2.0
4 verbose run-script [ 'prestart', 'start', 'poststart' ]
5 info lifecycle mean_blog@0.0.0~prestart: mean_blog@0.0.0
6 silly lifecycle mean_blog@0.0.0~prestart: no script for prestart, continuing
7 info lifecycle mean_blog@0.0.0~start: mean_blog@0.0.0
8 verbose lifecycle mean_blog@0.0.0~start: unsafe-perm in lifecycle true
9 verbose lifecycle mean_blog@0.0.0~start: PATH: /usr/local/lib/node_modules/npm/bin/node-gyp-bin:/Users/patrickkillalea/Documents/GitHub/mean_blog/node_modules/.bin:/usr/local/bin:/Users/patrickkillalea/.gvm/vertx/current/bin:/Users/patrickkillalea/.gvm/springboot/current/bin:/Users/patrickkillalea/.gvm/lazybones/current/bin:/Users/patrickkillalea/.gvm/jbake/current/bin:/Users/patrickkillalea/.gvm/groovyserv/current/bin:/Users/patrickkillalea/.gvm/groovy/current/bin:/Users/patrickkillalea/.gvm/griffon/current/bin:/Users/patrickkillalea/.gvm/grails/current/bin:/Users/patrickkillalea/.gvm/gradle/current/bin:/Users/patrickkillalea/.gvm/glide/current/bin:/Users/patrickkillalea/.gvm/gaiden/current/bin:/Users/patrickkillalea/.gvm/crash/current/bin:/Users/patrickkillalea/.gvm/asciidoctorj/current/bin:/usr/local/bin:/usr/bin:/bin:/usr/sbin:/sbin:/usr/local/git/bin
10 verbose lifecycle mean_blog@0.0.0~start: CWD: /Users/patrickkillalea/Documents/GitHub/mean_blog
11 silly lifecycle mean_blog@0.0.0~start: Args: [ '-c', 'node ./bin/www' ]
12 silly lifecycle mean_blog@0.0.0~start: Returned: code: 1  signal: null
13 info lifecycle mean_blog@0.0.0~start: Failed to exec start script
14 verbose stack Error: mean_blog@0.0.0 start: `node ./bin/www`
14 verbose stack Exit status 1
14 verbose stack     at EventEmitter.<anonymous> (/usr/local/lib/node_modules/npm/lib/utils/lifecycle.js:245:16)
14 verbose stack     at emitTwo (events.js:106:13)
14 verbose stack     at EventEmitter.emit (events.js:191:7)
14 verbose stack     at ChildProcess.<anonymous> (/usr/local/lib/node_modules/npm/lib/utils/spawn.js:24:14)
14 verbose stack     at emitTwo (events.js:106:13)
14 verbose stack     at ChildProcess.emit (events.js:191:7)
14 verbose stack     at maybeClose (internal/child_process.js:850:16)
14 verbose stack     at Process.ChildProcess._handle.onexit (internal/child_process.js:215:5)
15 verbose pkgid mean_blog@0.0.0
16 verbose cwd /Users/patrickkillalea/Documents/GitHub/mean_blog
17 error Darwin 14.5.0
18 error argv "/usr/local/bin/node" "/usr/local/bin/npm" "start"
19 error node v6.2.0
20 error npm  v3.8.9
21 error code ELIFECYCLE
22 error mean_blog@0.0.0 start: `node ./bin/www`
22 error Exit status 1
23 error Failed at the mean_blog@0.0.0 start script 'node ./bin/www'.
23 error Make sure you have the latest version of node.js and npm installed.
23 error If you do, this is most likely a problem with the mean_blog package,
23 error not with npm itself.
23 error Tell the author that this fails on your system:
23 error     node ./bin/www
23 error You can get information on how to open an issue for this project with:
23 error     npm bugs mean_blog
23 error Or if that isn't available, you can get their info via:
23 error     npm owner ls mean_blog
23 error There is likely additional logging output above.
24 verbose exit [ 1, true ]
